<?xml version="1.0" encoding="UTF-8"?>
<robot generator="Robot 3.2.1 (Python 3.8.3rc1 on win32)" generated="20200717 20:25:15.229" rpa="false">
<suite id="s1" name="Login" source="C:\roboweek\ninjachef\mobile\tests\login.robot">
<test id="s1-t1" name="Acessar o cardapio">
<kw name="Open Session" library="base" type="setup">
<kw name="Set Appium Timeout" library="AppiumLibrary">
<doc>Sets the timeout in seconds used by various keywords.</doc>
<arguments>
<arg>10</arg>
</arguments>
<status status="PASS" starttime="20200717 20:25:15.460" endtime="20200717 20:25:15.460"></status>
</kw>
<kw name="Open Application" library="AppiumLibrary">
<doc>Opens a new application to given Appium server.
Capabilities of appium server, Android and iOS,
Please check https://github.com/appium/appium/blob/master/docs/en/writing-running-appium/server-args.md
| *Option*            | *Man.* | *Description*     |
| remote_url          | Yes    | Appium server url |
| alias               | no     | alias             |</doc>
<arguments>
<arg>http://localhost:4723/wd/hub</arg>
<arg>automationName=UiAutomator2</arg>
<arg>platformName=Android</arg>
<arg>deviceName=Emulator</arg>
<arg>app=${EXECDIR}/app/ninjachef.apk</arg>
<arg>adbExecTimeout=120000</arg>
</arguments>
<status status="PASS" starttime="20200717 20:25:15.461" endtime="20200717 20:25:25.490"></status>
</kw>
<status status="PASS" starttime="20200717 20:25:15.460" endtime="20200717 20:25:25.490"></status>
</kw>
<kw name="Dado que desejo comer &quot;Massas&quot;">
<kw name="Set Test Variable" library="BuiltIn">
<doc>Makes a variable available everywhere within the scope of the current test.</doc>
<arguments>
<arg>${prato}</arg>
</arguments>
<msg timestamp="20200717 20:25:25.492" level="INFO">${prato} = Massas</msg>
<status status="PASS" starttime="20200717 20:25:25.491" endtime="20200717 20:25:25.492"></status>
</kw>
<status status="PASS" starttime="20200717 20:25:25.491" endtime="20200717 20:25:25.492"></status>
</kw>
<kw name="Quando submeto meu email &quot;vanessa@qaninja.com.br&quot;">
<kw name="Wait Until Page Contains" library="AppiumLibrary">
<doc>Waits until `text` appears on current page.</doc>
<arguments>
<arg>Buscar Prato</arg>
<arg>10</arg>
</arguments>
<status status="PASS" starttime="20200717 20:25:25.493" endtime="20200717 20:25:27.455"></status>
</kw>
<kw name="Input Text" library="AppiumLibrary">
<doc>Types the given `text` into text field identified by `locator`.</doc>
<arguments>
<arg>accessibility_id=emailInput</arg>
<arg>${email}</arg>
</arguments>
<msg timestamp="20200717 20:25:27.455" level="INFO">Typing text 'vanessa@qaninja.com.br' into text field 'accessibility_id=emailInput'</msg>
<status status="PASS" starttime="20200717 20:25:27.455" endtime="20200717 20:25:28.013"></status>
</kw>
<kw name="Input Text" library="AppiumLibrary">
<doc>Types the given `text` into text field identified by `locator`.</doc>
<arguments>
<arg>accessibility_id=plateInput</arg>
<arg>${prato}</arg>
</arguments>
<msg timestamp="20200717 20:25:28.015" level="INFO">Typing text 'Massas' into text field 'accessibility_id=plateInput'</msg>
<status status="PASS" starttime="20200717 20:25:28.013" endtime="20200717 20:25:28.546"></status>
</kw>
<kw name="Click Text" library="AppiumLibrary">
<doc>Click text identified by ``text``.</doc>
<arguments>
<arg>Buscar Prato</arg>
</arguments>
<status status="PASS" starttime="20200717 20:25:28.546" endtime="20200717 20:25:29.195"></status>
</kw>
<status status="PASS" starttime="20200717 20:25:25.492" endtime="20200717 20:25:29.195"></status>
</kw>
<kw name="Então devo ver os pratos do tipo escolhido">
<kw name="Wait Until Page Contains" library="AppiumLibrary">
<doc>Waits until `text` appears on current page.</doc>
<arguments>
<arg>Fome de ${prato}</arg>
</arguments>
<status status="PASS" starttime="20200717 20:25:29.196" endtime="20200717 20:25:30.870"></status>
</kw>
<status status="PASS" starttime="20200717 20:25:29.196" endtime="20200717 20:25:30.870"></status>
</kw>
<kw name="Close Session" library="base" type="teardown">
<kw name="Close Application" library="AppiumLibrary">
<doc>Closes the current application and also close webdriver session.</doc>
<status status="PASS" starttime="20200717 20:25:30.871" endtime="20200717 20:25:31.421"></status>
</kw>
<status status="PASS" starttime="20200717 20:25:30.870" endtime="20200717 20:25:31.421"></status>
</kw>
<status status="PASS" starttime="20200717 20:25:15.460" endtime="20200717 20:25:31.422" critical="yes"></status>
</test>
<doc>Testes de login do Ninjachef Mobile</doc>
<status status="PASS" starttime="20200717 20:25:15.230" endtime="20200717 20:25:31.423"></status>
</suite>
<statistics>
<total>
<stat pass="1" fail="0">Critical Tests</stat>
<stat pass="1" fail="0">All Tests</stat>
</total>
<tag>
</tag>
<suite>
<stat pass="1" fail="0" id="s1" name="Login">Login</stat>
</suite>
</statistics>
<errors>
</errors>
</robot>
