<?xml version="1.0" encoding="UTF-8"?>
<robot generator="Robot 3.2.1 (Python 3.8.3rc1 on win32)" generated="20200711 16:11:54.285" rpa="false">
<suite id="s1" name="Produtos" source="C:\roboweek\ninjachef\tests\produtos.robot">
<test id="s1-t1" name="Novo prato">
<kw name="Login Session" library="helpers" type="setup">
<arguments>
<arg>vanessaredes@yahoo.com.br</arg>
</arguments>
<kw name="Open Session" library="base">
<kw name="Open Browser" library="SeleniumLibrary">
<doc>Opens a new browser instance to the optional ``url``.</doc>
<arguments>
<arg>about:blank</arg>
<arg>chrome</arg>
</arguments>
<msg timestamp="20200711 16:11:54.442" level="INFO">Opening browser 'chrome' to base url 'about:blank'.</msg>
<status status="PASS" starttime="20200711 16:11:54.442" endtime="20200711 16:11:57.577"></status>
</kw>
<status status="PASS" starttime="20200711 16:11:54.442" endtime="20200711 16:11:57.577"></status>
</kw>
<kw name="Go To" library="SeleniumLibrary">
<doc>Navigates the current browser window to the provided ``url``.</doc>
<arguments>
<arg>${base_url}</arg>
</arguments>
<msg timestamp="20200711 16:11:57.578" level="INFO">Opening url 'http://ninjachef-qaninja-io.umbler.net/'</msg>
<status status="PASS" starttime="20200711 16:11:57.577" endtime="20200711 16:11:58.705"></status>
</kw>
<kw name="Input Text" library="SeleniumLibrary">
<doc>Types the given ``text`` into the text field identified by ``locator``.</doc>
<arguments>
<arg>${CAMPO_EMAIL}</arg>
<arg>${email}</arg>
</arguments>
<msg timestamp="20200711 16:11:58.706" level="INFO">Typing text 'vanessaredes@yahoo.com.br' into text field 'id:email'.</msg>
<status status="PASS" starttime="20200711 16:11:58.705" endtime="20200711 16:11:58.850"></status>
</kw>
<kw name="Click Element" library="SeleniumLibrary">
<doc>Click the element identified by ``locator``.</doc>
<arguments>
<arg>${BOTAO_ENTRAR}</arg>
</arguments>
<msg timestamp="20200711 16:11:58.850" level="INFO">Clicking element 'css:button[type=submit]'.</msg>
<status status="PASS" starttime="20200711 16:11:58.850" endtime="20200711 16:11:58.889"></status>
</kw>
<kw name="Wait Until Page Contains Element" library="SeleniumLibrary">
<doc>Waits until the element ``locator`` appears on the current page.</doc>
<arguments>
<arg>${DASHBOARD}</arg>
</arguments>
<status status="PASS" starttime="20200711 16:11:58.890" endtime="20200711 16:11:59.327"></status>
</kw>
<status status="PASS" starttime="20200711 16:11:54.442" endtime="20200711 16:11:59.327"></status>
</kw>
<kw name="Dado que &quot;${nhoque}&quot; é um dos meus pratos" library="kws">
<kw name="Set Test Variable" library="BuiltIn">
<doc>Makes a variable available everywhere within the scope of the current test.</doc>
<arguments>
<arg>${produto}</arg>
</arguments>
<msg timestamp="20200711 16:11:59.328" level="INFO">${produto} = {'nome': 'Nnhoque molho páprica', 'tipo': 'Massas', 'preco': '20.00', 'img': 'nhoque.jpg'}</msg>
<status status="PASS" starttime="20200711 16:11:59.328" endtime="20200711 16:11:59.328"></status>
</kw>
<status status="PASS" starttime="20200711 16:11:59.327" endtime="20200711 16:11:59.328"></status>
</kw>
<kw name="Quando faço o cadastro desse item" library="kws">
<kw name="Wait Until Element Is Visible" library="SeleniumLibrary">
<doc>Waits until the element ``locator`` is visible.</doc>
<arguments>
<arg>${BOTAO_ADD}</arg>
<arg>5</arg>
</arguments>
<status status="PASS" starttime="20200711 16:11:59.329" endtime="20200711 16:11:59.561"></status>
</kw>
<kw name="Click Element" library="SeleniumLibrary">
<doc>Click the element identified by ``locator``.</doc>
<arguments>
<arg>${BOTAO_ADD}</arg>
</arguments>
<msg timestamp="20200711 16:11:59.561" level="INFO">Clicking element 'class:btn-add'.</msg>
<status status="PASS" starttime="20200711 16:11:59.561" endtime="20200711 16:11:59.632"></status>
</kw>
<kw name="Choose File" library="SeleniumLibrary">
<doc>Inputs the ``file_path`` into the file input field ``locator``.</doc>
<arguments>
<arg>${CAMPO_FOTO}</arg>
<arg>${EXECDIR}/resources/images/${produto['img']}</arg>
</arguments>
<msg timestamp="20200711 16:11:59.633" level="INFO">Sending C:\roboweek\ninjachef\resources\images\nhoque.jpg to browser.</msg>
<status status="PASS" starttime="20200711 16:11:59.633" endtime="20200711 16:11:59.724"></status>
</kw>
<kw name="Input Text" library="SeleniumLibrary">
<doc>Types the given ``text`` into the text field identified by ``locator``.</doc>
<arguments>
<arg>${CAMPO_NOME}</arg>
<arg>${produto['nome']}</arg>
</arguments>
<msg timestamp="20200711 16:11:59.725" level="INFO">Typing text 'Nnhoque molho páprica' into text field 'id:name'.</msg>
<status status="PASS" starttime="20200711 16:11:59.724" endtime="20200711 16:11:59.840"></status>
</kw>
<kw name="Input Text" library="SeleniumLibrary">
<doc>Types the given ``text`` into the text field identified by ``locator``.</doc>
<arguments>
<arg>${CAMPO_TIPO}</arg>
<arg>${produto['tipo']}</arg>
</arguments>
<msg timestamp="20200711 16:11:59.841" level="INFO">Typing text 'Massas' into text field 'id:plate'.</msg>
<status status="PASS" starttime="20200711 16:11:59.840" endtime="20200711 16:11:59.913"></status>
</kw>
<kw name="Input Text" library="SeleniumLibrary">
<doc>Types the given ``text`` into the text field identified by ``locator``.</doc>
<arguments>
<arg>${CAMPO_PRICE}</arg>
<arg>${produto['preco']}</arg>
</arguments>
<msg timestamp="20200711 16:11:59.914" level="INFO">Typing text '20.00' into text field 'id:price'.</msg>
<status status="PASS" starttime="20200711 16:11:59.913" endtime="20200711 16:11:59.993"></status>
</kw>
<kw name="Click Element" library="SeleniumLibrary">
<doc>Click the element identified by ``locator``.</doc>
<arguments>
<arg>${BOTAO_CADASTRAR}</arg>
</arguments>
<msg timestamp="20200711 16:11:59.994" level="INFO">Clicking element 'class:btn-cadastrar'.</msg>
<status status="PASS" starttime="20200711 16:11:59.993" endtime="20200711 16:12:00.035"></status>
</kw>
<status status="PASS" starttime="20200711 16:11:59.329" endtime="20200711 16:12:00.035"></status>
</kw>
<kw name="Então devo ver este prato no meu dashboard" library="kws">
<kw name="Wait Until Element Is Visible" library="SeleniumLibrary">
<doc>Waits until the element ``locator`` is visible.</doc>
<arguments>
<arg>${DASHBOARD}</arg>
<arg>10</arg>
</arguments>
<status status="PASS" starttime="20200711 16:12:00.037" endtime="20200711 16:12:05.049"></status>
</kw>
<kw name="Wait Until Element Contains" library="SeleniumLibrary">
<doc>Waits until the element ``locator`` contains ``text``.</doc>
<arguments>
<arg>${DASHBOARD}</arg>
<arg>${produto['nome']}</arg>
</arguments>
<status status="PASS" starttime="20200711 16:12:05.049" endtime="20200711 16:12:05.282"></status>
</kw>
<status status="PASS" starttime="20200711 16:12:00.036" endtime="20200711 16:12:05.282"></status>
</kw>
<kw name="Close Session" library="base" type="teardown">
<kw name="Close Browser" library="SeleniumLibrary">
<doc>Closes the current browser.</doc>
<status status="PASS" starttime="20200711 16:12:05.283" endtime="20200711 16:12:07.694"></status>
</kw>
<status status="PASS" starttime="20200711 16:12:05.283" endtime="20200711 16:12:07.694"></status>
</kw>
<status status="PASS" starttime="20200711 16:11:54.441" endtime="20200711 16:12:07.696" critical="yes"></status>
</test>
<test id="s1-t2" name="Deletar produto cadastrado">
<kw name="Login Session" library="helpers" type="setup">
<arguments>
<arg>vanessaredes@yahoo.com.br</arg>
</arguments>
<kw name="Open Session" library="base">
<kw name="Open Browser" library="SeleniumLibrary">
<doc>Opens a new browser instance to the optional ``url``.</doc>
<arguments>
<arg>about:blank</arg>
<arg>chrome</arg>
</arguments>
<msg timestamp="20200711 16:12:07.699" level="INFO">Opening browser 'chrome' to base url 'about:blank'.</msg>
<status status="PASS" starttime="20200711 16:12:07.699" endtime="20200711 16:12:10.749"></status>
</kw>
<status status="PASS" starttime="20200711 16:12:07.699" endtime="20200711 16:12:10.750"></status>
</kw>
<kw name="Go To" library="SeleniumLibrary">
<doc>Navigates the current browser window to the provided ``url``.</doc>
<arguments>
<arg>${base_url}</arg>
</arguments>
<msg timestamp="20200711 16:12:10.768" level="INFO">Opening url 'http://ninjachef-qaninja-io.umbler.net/'</msg>
<status status="PASS" starttime="20200711 16:12:10.768" endtime="20200711 16:12:11.871"></status>
</kw>
<kw name="Input Text" library="SeleniumLibrary">
<doc>Types the given ``text`` into the text field identified by ``locator``.</doc>
<arguments>
<arg>${CAMPO_EMAIL}</arg>
<arg>${email}</arg>
</arguments>
<msg timestamp="20200711 16:12:11.872" level="INFO">Typing text 'vanessaredes@yahoo.com.br' into text field 'id:email'.</msg>
<status status="PASS" starttime="20200711 16:12:11.872" endtime="20200711 16:12:12.016"></status>
</kw>
<kw name="Click Element" library="SeleniumLibrary">
<doc>Click the element identified by ``locator``.</doc>
<arguments>
<arg>${BOTAO_ENTRAR}</arg>
</arguments>
<msg timestamp="20200711 16:12:12.016" level="INFO">Clicking element 'css:button[type=submit]'.</msg>
<status status="PASS" starttime="20200711 16:12:12.016" endtime="20200711 16:12:12.053"></status>
</kw>
<kw name="Wait Until Page Contains Element" library="SeleniumLibrary">
<doc>Waits until the element ``locator`` appears on the current page.</doc>
<arguments>
<arg>${DASHBOARD}</arg>
</arguments>
<status status="PASS" starttime="20200711 16:12:12.054" endtime="20200711 16:12:12.479"></status>
</kw>
<status status="PASS" starttime="20200711 16:12:07.699" endtime="20200711 16:12:12.479"></status>
</kw>
<kw name="Dado que eu cadastrei &quot;&amp;{nhoque_errado}&quot; um produto errado" library="kws">
<kw name="Set Test Variable" library="BuiltIn">
<doc>Makes a variable available everywhere within the scope of the current test.</doc>
<arguments>
<arg>${produto}</arg>
</arguments>
<msg timestamp="20200711 16:12:12.480" level="INFO">${produto} = {'nome': 'Nnhoque Ruim', 'tipo': 'Prato', 'preco': '20.00', 'img': 'nhoque.jpg'}</msg>
<status status="PASS" starttime="20200711 16:12:12.480" endtime="20200711 16:12:12.480"></status>
</kw>
<kw name="Quando faço o cadastro desse item" library="kws">
<kw name="Wait Until Element Is Visible" library="SeleniumLibrary">
<doc>Waits until the element ``locator`` is visible.</doc>
<arguments>
<arg>${BOTAO_ADD}</arg>
<arg>5</arg>
</arguments>
<status status="PASS" starttime="20200711 16:12:12.481" endtime="20200711 16:12:12.712"></status>
</kw>
<kw name="Click Element" library="SeleniumLibrary">
<doc>Click the element identified by ``locator``.</doc>
<arguments>
<arg>${BOTAO_ADD}</arg>
</arguments>
<msg timestamp="20200711 16:12:12.712" level="INFO">Clicking element 'class:btn-add'.</msg>
<status status="PASS" starttime="20200711 16:12:12.712" endtime="20200711 16:12:12.776"></status>
</kw>
<kw name="Choose File" library="SeleniumLibrary">
<doc>Inputs the ``file_path`` into the file input field ``locator``.</doc>
<arguments>
<arg>${CAMPO_FOTO}</arg>
<arg>${EXECDIR}/resources/images/${produto['img']}</arg>
</arguments>
<msg timestamp="20200711 16:12:12.777" level="INFO">Sending C:\roboweek\ninjachef\resources\images\nhoque.jpg to browser.</msg>
<status status="PASS" starttime="20200711 16:12:12.777" endtime="20200711 16:12:12.818"></status>
</kw>
<kw name="Input Text" library="SeleniumLibrary">
<doc>Types the given ``text`` into the text field identified by ``locator``.</doc>
<arguments>
<arg>${CAMPO_NOME}</arg>
<arg>${produto['nome']}</arg>
</arguments>
<msg timestamp="20200711 16:12:12.819" level="INFO">Typing text 'Nnhoque Ruim' into text field 'id:name'.</msg>
<status status="PASS" starttime="20200711 16:12:12.818" endtime="20200711 16:12:12.948"></status>
</kw>
<kw name="Input Text" library="SeleniumLibrary">
<doc>Types the given ``text`` into the text field identified by ``locator``.</doc>
<arguments>
<arg>${CAMPO_TIPO}</arg>
<arg>${produto['tipo']}</arg>
</arguments>
<msg timestamp="20200711 16:12:12.948" level="INFO">Typing text 'Prato' into text field 'id:plate'.</msg>
<status status="PASS" starttime="20200711 16:12:12.948" endtime="20200711 16:12:13.018"></status>
</kw>
<kw name="Input Text" library="SeleniumLibrary">
<doc>Types the given ``text`` into the text field identified by ``locator``.</doc>
<arguments>
<arg>${CAMPO_PRICE}</arg>
<arg>${produto['preco']}</arg>
</arguments>
<msg timestamp="20200711 16:12:13.019" level="INFO">Typing text '20.00' into text field 'id:price'.</msg>
<status status="PASS" starttime="20200711 16:12:13.019" endtime="20200711 16:12:13.088"></status>
</kw>
<kw name="Click Element" library="SeleniumLibrary">
<doc>Click the element identified by ``locator``.</doc>
<arguments>
<arg>${BOTAO_CADASTRAR}</arg>
</arguments>
<msg timestamp="20200711 16:12:13.089" level="INFO">Clicking element 'class:btn-cadastrar'.</msg>
<status status="PASS" starttime="20200711 16:12:13.089" endtime="20200711 16:12:13.151"></status>
</kw>
<status status="PASS" starttime="20200711 16:12:12.480" endtime="20200711 16:12:13.151"></status>
</kw>
<status status="PASS" starttime="20200711 16:12:12.480" endtime="20200711 16:12:13.151"></status>
</kw>
<kw name="Quando vejo na lista" library="kws">
<kw name="Então devo ver este prato no meu dashboard" library="kws">
<kw name="Wait Until Element Is Visible" library="SeleniumLibrary">
<doc>Waits until the element ``locator`` is visible.</doc>
<arguments>
<arg>${DASHBOARD}</arg>
<arg>10</arg>
</arguments>
<status status="PASS" starttime="20200711 16:12:13.154" endtime="20200711 16:12:18.617"></status>
</kw>
<kw name="Wait Until Element Contains" library="SeleniumLibrary">
<doc>Waits until the element ``locator`` contains ``text``.</doc>
<arguments>
<arg>${DASHBOARD}</arg>
<arg>${produto['nome']}</arg>
</arguments>
<status status="PASS" starttime="20200711 16:12:18.617" endtime="20200711 16:12:18.863"></status>
</kw>
<status status="PASS" starttime="20200711 16:12:13.153" endtime="20200711 16:12:18.863"></status>
</kw>
<status status="PASS" starttime="20200711 16:12:13.152" endtime="20200711 16:12:18.863"></status>
</kw>
<kw name="Então devo apagar esse produto do meu dashboard" library="kws">
<kw name="Click Element" library="SeleniumLibrary">
<doc>Click the element identified by ``locator``.</doc>
<arguments>
<arg>class:delete-icon</arg>
</arguments>
<msg timestamp="20200711 16:12:18.864" level="INFO">Clicking element 'class:delete-icon'.</msg>
<status status="PASS" starttime="20200711 16:12:18.864" endtime="20200711 16:12:18.906"></status>
</kw>
<status status="PASS" starttime="20200711 16:12:18.864" endtime="20200711 16:12:18.907"></status>
</kw>
<kw name="Close Session" library="base" type="teardown">
<kw name="Close Browser" library="SeleniumLibrary">
<doc>Closes the current browser.</doc>
<status status="PASS" starttime="20200711 16:12:18.907" endtime="20200711 16:12:21.010"></status>
</kw>
<status status="PASS" starttime="20200711 16:12:18.907" endtime="20200711 16:12:21.010"></status>
</kw>
<status status="PASS" starttime="20200711 16:12:07.699" endtime="20200711 16:12:21.010" critical="yes"></status>
</test>
<doc>Cadastro de produtos/pratos
Sendo um cozinheiro amador
Quero cadastrar meus melhores pratos
Para que eu possa cozinha-los para outras pessoas</doc>
<status status="PASS" starttime="20200711 16:11:54.286" endtime="20200711 16:12:21.011"></status>
</suite>
<statistics>
<total>
<stat pass="2" fail="0">Critical Tests</stat>
<stat pass="2" fail="0">All Tests</stat>
</total>
<tag>
</tag>
<suite>
<stat pass="2" fail="0" id="s1" name="Produtos">Produtos</stat>
</suite>
</statistics>
<errors>
</errors>
</robot>
